<?xml version="1.0" encoding="UTF-8"?>
<testng-results ignored="0" total="1" passed="1" failed="0" skipped="0">
  <reporter-output>
    <line>
      <![CDATA[jenkins class executed]]>
    </line>
  </reporter-output>
  <suite started-at="2024-07-15T10:05:37 IST" name="Default suite" finished-at="2024-07-15T10:05:37 IST" duration-ms="31">
    <groups>
    </groups>
    <test started-at="2024-07-15T10:05:37 IST" name="Default test" finished-at="2024-07-15T10:05:37 IST" duration-ms="31">
      <class name="jenkins.ToLearnJenkinsExecutionTest">
        <test-method signature="execute()[pri:0, instance:jenkins.ToLearnJenkinsExecutionTest@39529185]" started-at="2024-07-15T10:05:37 IST" name="execute" finished-at="2024-07-15T10:05:37 IST" duration-ms="5" status="PASS">
          <reporter-output>
            <line>
              <![CDATA[jenkins class executed]]>
            </line>
          </reporter-output>
        </test-method> <!-- execute -->
      </class> <!-- jenkins.ToLearnJenkinsExecutionTest -->
    </test> <!-- Default test -->
  </suite> <!-- Default suite -->
</testng-results>
